<?xml version="1.0" encoding="UTF-8"?>
<!-- Generated by org.testng.reporters.JUnitReportReporter -->
<testsuite hostname="MacBookPro" failures="0" tests="1" name="testCases.TC002_LoginTest" time="1.782" errors="0" timestamp="2025-02-02T14:52:07 GMT-04:00" skipped="0">
  <testcase classname="testCases.TC002_LoginTest" name="verifyLoginTest" time="1.782"/>
</testsuite> <!-- testCases.TC002_LoginTest -->
