<?xml version="1.0" encoding="UTF-8"?>
<!-- Generated by org.testng.reporters.JUnitReportReporter -->
<testsuite hostname="MacBookPro" failures="0" tests="1" name="testCases.TC001_AccountRegistrationTest" time="2.235" errors="0" timestamp="2025-02-02T15:45:29 GMT-04:00" skipped="0">
  <testcase classname="testCases.TC001_AccountRegistrationTest" name="verifyAccountRegistrationTest" time="2.235"/>
</testsuite> <!-- testCases.TC001_AccountRegistrationTest -->
