<?xml version="1.0" encoding="UTF-8"?>
<!-- Generated by org.testng.reporters.JUnitReportReporter -->
<testsuite hostname="MacBookPro" failures="0" tests="1" name="testCases.TC002_LoginTest" time="1.694" errors="0" timestamp="2025-02-02T15:45:29 GMT-04:00" skipped="0">
  <testcase classname="testCases.TC002_LoginTest" name="verifyLoginTest" time="1.694"/>
</testsuite> <!-- testCases.TC002_LoginTest -->
